<?xml version="1.0" encoding="UTF-8"?>
<robot generator="Robot 5.0.1 (Python 3.10.4 on linux)" generated="20220621 15:32:55.696" rpa="false" schemaversion="3">
<suite id="s1" name="Login" source="/home/cecep/Developments/RobotLogin/Login.robot">
<kw name="Open Browser" library="SeleniumLibrary" type="SETUP">
<arg>${baseUrl}</arg>
<arg>${browser}</arg>
<doc>Opens a new browser instance to the optional ``url``.</doc>
<msg timestamp="20220621 15:32:55.902" level="INFO">Opening browser 'chrome' to base url 'https://pub-eish-dev.keponet.com/frontend/login'.</msg>
<status status="PASS" starttime="20220621 15:32:55.901" endtime="20220621 15:32:59.208"/>
</kw>
<test id="s1-t1" name="I login with invalid email and invalid password" line="14">
<kw name="Maximize Browser Window" library="SeleniumLibrary">
<doc>Maximizes current browser window.</doc>
<status status="PASS" starttime="20220621 15:32:59.213" endtime="20220621 15:32:59.322"/>
</kw>
<kw name="Input Text" library="SeleniumLibrary">
<arg>//input[@id="email"]</arg>
<arg>cecepp@gmail.com</arg>
<doc>Types the given ``text`` into the text field identified by ``locator``.</doc>
<msg timestamp="20220621 15:32:59.323" level="INFO">Typing text 'cecepp@gmail.com' into text field '//input[@id="email"]'.</msg>
<status status="PASS" starttime="20220621 15:32:59.322" endtime="20220621 15:32:59.476"/>
</kw>
<kw name="Input Text" library="SeleniumLibrary">
<arg>//input[@id="password"]</arg>
<arg>salahsalah</arg>
<doc>Types the given ``text`` into the text field identified by ``locator``.</doc>
<msg timestamp="20220621 15:32:59.477" level="INFO">Typing text 'salahsalah' into text field '//input[@id="password"]'.</msg>
<status status="PASS" starttime="20220621 15:32:59.476" endtime="20220621 15:32:59.609"/>
</kw>
<kw name="Click Element" library="SeleniumLibrary">
<arg>//button[@type="submit"]</arg>
<doc>Click the element identified by ``locator``.</doc>
<msg timestamp="20220621 15:32:59.610" level="INFO">Clicking element '//button[@type="submit"]'.</msg>
<status status="PASS" starttime="20220621 15:32:59.610" endtime="20220621 15:32:59.897"/>
</kw>
<kw name="Element Should Be Visible" library="SeleniumLibrary">
<arg>//input[@class="form-control is-invalid"]</arg>
<doc>Verifies that the element identified by ``locator`` is visible.</doc>
<msg timestamp="20220621 15:32:59.948" level="INFO">Element '//input[@class="form-control is-invalid"]' is displayed.</msg>
<status status="PASS" starttime="20220621 15:32:59.897" endtime="20220621 15:32:59.948"/>
</kw>
<status status="PASS" starttime="20220621 15:32:59.209" endtime="20220621 15:32:59.949"/>
</test>
<test id="s1-t2" name="I login with invalid email but valid password" line="21">
<kw name="Maximize Browser Window" library="SeleniumLibrary">
<doc>Maximizes current browser window.</doc>
<status status="PASS" starttime="20220621 15:32:59.950" endtime="20220621 15:32:59.954"/>
</kw>
<kw name="Input Text" library="SeleniumLibrary">
<arg>//input[@id="email"]</arg>
<arg>cecepp@gmail.com</arg>
<doc>Types the given ``text`` into the text field identified by ``locator``.</doc>
<msg timestamp="20220621 15:32:59.955" level="INFO">Typing text 'cecepp@gmail.com' into text field '//input[@id="email"]'.</msg>
<status status="PASS" starttime="20220621 15:32:59.954" endtime="20220621 15:33:00.120"/>
</kw>
<kw name="Input Text" library="SeleniumLibrary">
<arg>//input[@id="password"]</arg>
<arg>${pass}</arg>
<doc>Types the given ``text`` into the text field identified by ``locator``.</doc>
<msg timestamp="20220621 15:33:00.122" level="INFO">Typing text '12345678' into text field '//input[@id="password"]'.</msg>
<status status="PASS" starttime="20220621 15:33:00.121" endtime="20220621 15:33:00.250"/>
</kw>
<kw name="Click Element" library="SeleniumLibrary">
<arg>//button[@type="submit"]</arg>
<doc>Click the element identified by ``locator``.</doc>
<msg timestamp="20220621 15:33:00.252" level="INFO">Clicking element '//button[@type="submit"]'.</msg>
<status status="PASS" starttime="20220621 15:33:00.250" endtime="20220621 15:33:00.535"/>
</kw>
<kw name="Element Should Be Visible" library="SeleniumLibrary">
<arg>//input[@class="form-control is-invalid"]</arg>
<doc>Verifies that the element identified by ``locator`` is visible.</doc>
<msg timestamp="20220621 15:33:00.585" level="INFO">Element '//input[@class="form-control is-invalid"]' is displayed.</msg>
<status status="PASS" starttime="20220621 15:33:00.536" endtime="20220621 15:33:00.585"/>
</kw>
<status status="PASS" starttime="20220621 15:32:59.949" endtime="20220621 15:33:00.585"/>
</test>
<test id="s1-t3" name="I login with valid email but invalid password" line="28">
<kw name="Maximize Browser Window" library="SeleniumLibrary">
<doc>Maximizes current browser window.</doc>
<status status="PASS" starttime="20220621 15:33:00.588" endtime="20220621 15:33:00.593"/>
</kw>
<kw name="Input Text" library="SeleniumLibrary">
<arg>//input[@id="email"]</arg>
<arg>${emailUser}</arg>
<doc>Types the given ``text`` into the text field identified by ``locator``.</doc>
<msg timestamp="20220621 15:33:00.595" level="INFO">Typing text 'jenareishsatu@yopmail.com' into text field '//input[@id="email"]'.</msg>
<status status="PASS" starttime="20220621 15:33:00.594" endtime="20220621 15:33:00.761"/>
</kw>
<kw name="Input Text" library="SeleniumLibrary">
<arg>//input[@id="password"]</arg>
<arg>salahsalah</arg>
<doc>Types the given ``text`` into the text field identified by ``locator``.</doc>
<msg timestamp="20220621 15:33:00.763" level="INFO">Typing text 'salahsalah' into text field '//input[@id="password"]'.</msg>
<status status="PASS" starttime="20220621 15:33:00.762" endtime="20220621 15:33:00.893"/>
</kw>
<kw name="Click Element" library="SeleniumLibrary">
<arg>//button[@type="submit"]</arg>
<doc>Click the element identified by ``locator``.</doc>
<msg timestamp="20220621 15:33:00.895" level="INFO">Clicking element '//button[@type="submit"]'.</msg>
<status status="PASS" starttime="20220621 15:33:00.894" endtime="20220621 15:33:01.170"/>
</kw>
<kw name="Element Should Be Visible" library="SeleniumLibrary">
<arg>//div[@class="alert alert-danger text-danger"]</arg>
<doc>Verifies that the element identified by ``locator`` is visible.</doc>
<msg timestamp="20220621 15:33:01.214" level="INFO">Element '//div[@class="alert alert-danger text-danger"]' is displayed.</msg>
<status status="PASS" starttime="20220621 15:33:01.173" endtime="20220621 15:33:01.214"/>
</kw>
<status status="PASS" starttime="20220621 15:33:00.587" endtime="20220621 15:33:01.215"/>
</test>
<test id="s1-t4" name="I login without filling email and password" line="35">
<kw name="Maximize Browser Window" library="SeleniumLibrary">
<doc>Maximizes current browser window.</doc>
<status status="PASS" starttime="20220621 15:33:01.217" endtime="20220621 15:33:01.227"/>
</kw>
<kw name="Input Text" library="SeleniumLibrary">
<arg>//input[@id="email"]</arg>
<arg>${EMPTY}</arg>
<doc>Types the given ``text`` into the text field identified by ``locator``.</doc>
<msg timestamp="20220621 15:33:01.228" level="INFO">Typing text '' into text field '//input[@id="email"]'.</msg>
<status status="PASS" starttime="20220621 15:33:01.227" endtime="20220621 15:33:01.408"/>
</kw>
<kw name="Input Text" library="SeleniumLibrary">
<arg>//input[@id="password"]</arg>
<arg>${EMPTY}</arg>
<doc>Types the given ``text`` into the text field identified by ``locator``.</doc>
<msg timestamp="20220621 15:33:01.410" level="INFO">Typing text '' into text field '//input[@id="password"]'.</msg>
<status status="PASS" starttime="20220621 15:33:01.408" endtime="20220621 15:33:01.512"/>
</kw>
<kw name="Click Element" library="SeleniumLibrary">
<arg>//button[@type="submit"]</arg>
<doc>Click the element identified by ``locator``.</doc>
<msg timestamp="20220621 15:33:01.513" level="INFO">Clicking element '//button[@type="submit"]'.</msg>
<status status="PASS" starttime="20220621 15:33:01.512" endtime="20220621 15:33:01.588"/>
</kw>
<kw name="Element Should Not Be Visible" library="SeleniumLibrary">
<arg>//img[@id="menu-logo"]</arg>
<doc>Verifies that the element identified by ``locator`` is NOT visible.</doc>
<msg timestamp="20220621 15:33:01.608" level="INFO">Element '//img[@id="menu-logo"]' did not exist.</msg>
<status status="PASS" starttime="20220621 15:33:01.588" endtime="20220621 15:33:01.609"/>
</kw>
<status status="PASS" starttime="20220621 15:33:01.216" endtime="20220621 15:33:01.609"/>
</test>
<test id="s1-t5" name="I login with filling email but empty password" line="42">
<kw name="Maximize Browser Window" library="SeleniumLibrary">
<doc>Maximizes current browser window.</doc>
<status status="PASS" starttime="20220621 15:33:01.612" endtime="20220621 15:33:01.618"/>
</kw>
<kw name="Input Text" library="SeleniumLibrary">
<arg>//input[@id="email"]</arg>
<arg>${emailUser}</arg>
<doc>Types the given ``text`` into the text field identified by ``locator``.</doc>
<msg timestamp="20220621 15:33:01.620" level="INFO">Typing text 'jenareishsatu@yopmail.com' into text field '//input[@id="email"]'.</msg>
<status status="PASS" starttime="20220621 15:33:01.619" endtime="20220621 15:33:01.783"/>
</kw>
<kw name="Input Text" library="SeleniumLibrary">
<arg>//input[@id="password"]</arg>
<arg>${EMPTY}</arg>
<doc>Types the given ``text`` into the text field identified by ``locator``.</doc>
<msg timestamp="20220621 15:33:01.785" level="INFO">Typing text '' into text field '//input[@id="password"]'.</msg>
<status status="PASS" starttime="20220621 15:33:01.783" endtime="20220621 15:33:01.864"/>
</kw>
<kw name="Click Element" library="SeleniumLibrary">
<arg>//button[@type="submit"]</arg>
<doc>Click the element identified by ``locator``.</doc>
<msg timestamp="20220621 15:33:01.865" level="INFO">Clicking element '//button[@type="submit"]'.</msg>
<status status="PASS" starttime="20220621 15:33:01.865" endtime="20220621 15:33:01.933"/>
</kw>
<kw name="Element Should Not Be Visible" library="SeleniumLibrary">
<arg>//img[@id="menu-logo"]</arg>
<doc>Verifies that the element identified by ``locator`` is NOT visible.</doc>
<msg timestamp="20220621 15:33:01.956" level="INFO">Element '//img[@id="menu-logo"]' did not exist.</msg>
<status status="PASS" starttime="20220621 15:33:01.933" endtime="20220621 15:33:01.956"/>
</kw>
<status status="PASS" starttime="20220621 15:33:01.611" endtime="20220621 15:33:01.957"/>
</test>
<test id="s1-t6" name="I login with empty email but filling password" line="49">
<kw name="Maximize Browser Window" library="SeleniumLibrary">
<doc>Maximizes current browser window.</doc>
<status status="PASS" starttime="20220621 15:33:01.959" endtime="20220621 15:33:01.963"/>
</kw>
<kw name="Input Text" library="SeleniumLibrary">
<arg>//input[@id="email"]</arg>
<arg>${EMPTY}</arg>
<doc>Types the given ``text`` into the text field identified by ``locator``.</doc>
<msg timestamp="20220621 15:33:01.965" level="INFO">Typing text '' into text field '//input[@id="email"]'.</msg>
<status status="PASS" starttime="20220621 15:33:01.964" endtime="20220621 15:33:02.063"/>
</kw>
<kw name="Input Text" library="SeleniumLibrary">
<arg>//input[@id="password"]</arg>
<arg>${pass}</arg>
<doc>Types the given ``text`` into the text field identified by ``locator``.</doc>
<msg timestamp="20220621 15:33:02.064" level="INFO">Typing text '12345678' into text field '//input[@id="password"]'.</msg>
<status status="PASS" starttime="20220621 15:33:02.063" endtime="20220621 15:33:02.185"/>
</kw>
<kw name="Click Element" library="SeleniumLibrary">
<arg>//button[@type="submit"]</arg>
<doc>Click the element identified by ``locator``.</doc>
<msg timestamp="20220621 15:33:02.187" level="INFO">Clicking element '//button[@type="submit"]'.</msg>
<status status="PASS" starttime="20220621 15:33:02.186" endtime="20220621 15:33:02.240"/>
</kw>
<kw name="Element Should Not Be Visible" library="SeleniumLibrary">
<arg>//img[@id="menu-logo"]</arg>
<doc>Verifies that the element identified by ``locator`` is NOT visible.</doc>
<msg timestamp="20220621 15:33:02.254" level="INFO">Element '//img[@id="menu-logo"]' did not exist.</msg>
<status status="PASS" starttime="20220621 15:33:02.240" endtime="20220621 15:33:02.254"/>
</kw>
<status status="PASS" starttime="20220621 15:33:01.958" endtime="20220621 15:33:02.255"/>
</test>
<test id="s1-t7" name="I login with valid email and valid password" line="56">
<kw name="Maximize Browser Window" library="SeleniumLibrary">
<doc>Maximizes current browser window.</doc>
<status status="PASS" starttime="20220621 15:33:02.257" endtime="20220621 15:33:02.260"/>
</kw>
<kw name="Input Text" library="SeleniumLibrary">
<arg>//input[@id="email"]</arg>
<arg>${emailUser}</arg>
<doc>Types the given ``text`` into the text field identified by ``locator``.</doc>
<msg timestamp="20220621 15:33:02.261" level="INFO">Typing text 'jenareishsatu@yopmail.com' into text field '//input[@id="email"]'.</msg>
<status status="PASS" starttime="20220621 15:33:02.260" endtime="20220621 15:33:02.418"/>
</kw>
<kw name="Input Text" library="SeleniumLibrary">
<arg>//input[@id="password"]</arg>
<arg>${pass}</arg>
<doc>Types the given ``text`` into the text field identified by ``locator``.</doc>
<msg timestamp="20220621 15:33:02.420" level="INFO">Typing text '12345678' into text field '//input[@id="password"]'.</msg>
<status status="PASS" starttime="20220621 15:33:02.419" endtime="20220621 15:33:02.526"/>
</kw>
<kw name="Click Element" library="SeleniumLibrary">
<arg>//button[@type="submit"]</arg>
<doc>Click the element identified by ``locator``.</doc>
<msg timestamp="20220621 15:33:02.526" level="INFO">Clicking element '//button[@type="submit"]'.</msg>
<status status="PASS" starttime="20220621 15:33:02.526" endtime="20220621 15:33:02.879"/>
</kw>
<kw name="Element Should Be Visible" library="SeleniumLibrary">
<arg>//img[@id="menu-logo"]</arg>
<doc>Verifies that the element identified by ``locator`` is visible.</doc>
<msg timestamp="20220621 15:33:02.964" level="INFO">Element '//img[@id="menu-logo"]' is displayed.</msg>
<status status="PASS" starttime="20220621 15:33:02.879" endtime="20220621 15:33:02.964"/>
</kw>
<status status="PASS" starttime="20220621 15:33:02.256" endtime="20220621 15:33:02.965"/>
</test>
<kw name="Close Browser" library="SeleniumLibrary" type="TEARDOWN">
<doc>Closes the current browser.</doc>
<status status="PASS" starttime="20220621 15:33:02.966" endtime="20220621 15:33:03.052"/>
</kw>
<status status="PASS" starttime="20220621 15:32:55.697" endtime="20220621 15:33:03.052"/>
</suite>
<statistics>
<total>
<stat pass="7" fail="0" skip="0">All Tests</stat>
</total>
<tag>
</tag>
<suite>
<stat pass="7" fail="0" skip="0" id="s1" name="Login">Login</stat>
</suite>
</statistics>
<errors>
</errors>
</robot>
